C51 COMPILER V9.60.7.0   DELAY                                                             02/06/2026 16:29:40 PAGE 1   


C51 COMPILER V9.60.7.0, COMPILATION OF MODULE DELAY
OBJECT MODULE PLACED IN .\Objects\delay.obj
COMPILER INVOKED BY: D:\Keil MDK\C51\BIN\C51.EXE System\delay.c OPTIMIZE(8,SPEED) BROWSE INCDIR(.\Objects;.\System;.\Dri
                    -ver) DEBUG OBJECTEXTEND PRINT(.\Listings\delay.lst) TABS(2) OBJECT(.\Objects\delay.obj)

line level    source

   1          #include <reg52.h>
   2          #include "delay.h"
   3          
   4          void DelayMs(unsigned int ms)
   5          {
   6   1          unsigned int i, j;
   7   1          for(i = ms; i > 0; i--)
   8   1              for(j = 110; j > 0; j--);
   9   1      }


MODULE INFORMATION:   STATIC OVERLAYABLE
   CODE SIZE        =     30    ----
   CONSTANT SIZE    =   ----    ----
   XDATA SIZE       =   ----    ----
   PDATA SIZE       =   ----    ----
   DATA SIZE        =   ----    ----
   IDATA SIZE       =   ----    ----
   BIT SIZE         =   ----    ----
END OF MODULE INFORMATION.


C51 COMPILATION COMPLETE.  0 WARNING(S),  0 ERROR(S)
