C51 COMPILER V9.60.7.0   LCD                                                               02/06/2026 15:35:52 PAGE 1   


C51 COMPILER V9.60.7.0, COMPILATION OF MODULE LCD
OBJECT MODULE PLACED IN .\Objects\lcd.obj
COMPILER INVOKED BY: D:\Keil MDK\C51\BIN\C51.EXE lcd.c OPTIMIZE(8,SPEED) BROWSE DEBUG OBJECTEXTEND PRINT(.\Listings\lcd.
                    -lst) TABS(2) OBJECT(.\Objects\lcd.obj)

line level    source

   1          #include <reg52.h>
   2          #include "lcd.h"
   3          #include "delay.h"
   4          
   5          #define LCD_DATA P0
   6          
   7          sbit RS = P2^6;
   8          sbit RW = P2^5;
   9          sbit EN = P2^7;
  10          
  11          void LCD_WriteCmd(unsigned char cmd)
  12          {
  13   1          RS = 0;
  14   1          RW = 0;
  15   1          LCD_DATA = cmd;
  16   1          EN = 1;
  17   1          DelayMs(1);
  18   1          EN = 0;
  19   1      }
  20          
  21          void LCD_WriteData(unsigned char dat)
  22          {
  23   1          RS = 1;
  24   1          RW = 0;
  25   1          LCD_DATA = dat;
  26   1          EN = 1;
  27   1          DelayMs(1);
  28   1          EN = 0;
  29   1      }
  30          
  31          void LCD_Init(void)
  32          {
  33   1          DelayMs(15);
  34   1          LCD_WriteCmd(0x38);
  35   1          LCD_WriteCmd(0x0C);
  36   1          LCD_WriteCmd(0x06);
  37   1          LCD_WriteCmd(0x01);
  38   1      }
  39          
  40          void LCD_Clear(void)
  41          {
  42   1          LCD_WriteCmd(0x01);
  43   1          DelayMs(2);
  44   1      }
  45          
  46          void LCD_ShowString(unsigned char pos, char *str)
  47          {
  48   1          LCD_WriteCmd(0x80 + pos);
  49   1          while(*str)
  50   1          {
  51   2              LCD_WriteData(*str++);
  52   2          }
  53   1      }

C51 COMPILER V9.60.7.0   LCD                                                               02/06/2026 15:35:52 PAGE 2   


MODULE INFORMATION:   STATIC OVERLAYABLE
   CODE SIZE        =    119    ----
   CONSTANT SIZE    =   ----    ----
   XDATA SIZE       =   ----    ----
   PDATA SIZE       =   ----    ----
   DATA SIZE        =   ----       3
   IDATA SIZE       =   ----    ----
   BIT SIZE         =   ----    ----
END OF MODULE INFORMATION.


C51 COMPILATION COMPLETE.  0 WARNING(S),  0 ERROR(S)
