C51 COMPILER V9.60.7.0   MAIN                                                              02/06/2026 16:29:40 PAGE 1   


C51 COMPILER V9.60.7.0, COMPILATION OF MODULE MAIN
OBJECT MODULE PLACED IN .\Objects\main.obj
COMPILER INVOKED BY: D:\Keil MDK\C51\BIN\C51.EXE User\main.c OPTIMIZE(8,SPEED) BROWSE INCDIR(.\Objects;.\System;.\Driver
                    -) DEBUG OBJECTEXTEND PRINT(.\Listings\main.lst) TABS(2) OBJECT(.\Objects\main.obj)

line level    source

   1          #include <reg52.h>
   2          #include "lcd.h"
   3          #include "key.h"
   4          #include "delay.h"
   5          
   6          /* ========== ???? ========== */
   7          typedef enum
   8          {
   9              PAGE_MENU = 0,
  10              PAGE_WELCOME,
  11              PAGE_KEYTEST
  12          } Page_t;
  13          
  14          /* ========== ???? ========== */
  15          Page_t currentPage = PAGE_MENU;
  16          unsigned char menuIndex = 0;
  17          unsigned char lastKey = 0;
  18          
  19          unsigned char key = 0;
  20          unsigned char key_last = 0;
  21          unsigned char key_event = 0;
  22          
  23          bit ui_need_refresh = 1;
  24          
  25          /* ========== UI ???? ========== */
  26          void ShowMenu(void)
  27          {
  28   1          LCD_Clear();
  29   1          LCD_ShowString(0,  menuIndex == 0 ? ">Welcome"  : " Welcome");
  30   1          LCD_ShowString(16, menuIndex == 1 ? ">Key Test" : " Key Test");
  31   1      }
  32          
  33          void ShowWelcome(void)
  34          {
  35   1          LCD_Clear();
  36   1          LCD_ShowString(0,  "Hello World!");
  37   1          LCD_ShowString(16, "OK Back");
  38   1      }
  39          
  40          void ShowKeyTest(unsigned char key)
  41          {
  42   1          LCD_Clear();
  43   1          LCD_ShowString(0, "Key Pressed:");
  44   1      
  45   1          if(key == 1)      LCD_ShowString(16, "UP");
  46   1          else if(key == 2) LCD_ShowString(16, "DOWN");
  47   1          else if(key == 3) LCD_ShowString(16, "OK");
  48   1          else              LCD_ShowString(16, "---");
  49   1      }
  50          
  51          /* ========== ??? ========== */
  52          void main(void)
  53          {
  54   1          LCD_Init();
C51 COMPILER V9.60.7.0   MAIN                                                              02/06/2026 16:29:40 PAGE 2   

  55   1          ui_need_refresh = 1;
  56   1      
  57   1          while(1)
  58   1          {
  59   2              /* ---- ?????? ---- */
  60   2              key = GetKey();
  61   2              key_event = 0;
  62   2      
  63   2              if(key != 0 && key_last == 0)
  64   2                  key_event = key;
  65   2      
  66   2              key_last = key;
  67   2      
  68   2              if(key_event != 0)
  69   2                  lastKey = key_event;
  70   2      
  71   2              /* ---- ??? ---- */
  72   2              switch(currentPage)
  73   2              {
  74   3                  case PAGE_MENU:
  75   3                      if(key_event == 1 && menuIndex > 0)
  76   3                      {
  77   4                          menuIndex--;
  78   4                          ui_need_refresh = 1;
  79   4                      }
  80   3                      else if(key_event == 2 && menuIndex < 1)
  81   3                      {
  82   4                          menuIndex++;
  83   4                          ui_need_refresh = 1;
  84   4                      }
  85   3                      else if(key_event == 3)
  86   3                      {
  87   4                          if(menuIndex == 0)
  88   4                              currentPage = PAGE_WELCOME;
  89   4                          else
  90   4                              currentPage = PAGE_KEYTEST;
  91   4      
  92   4                          ui_need_refresh = 1;
  93   4                      }
  94   3                      break;
  95   3      
  96   3                  case PAGE_WELCOME:
  97   3                      if(key_event == 3)
  98   3                      {
  99   4                          currentPage = PAGE_MENU;
 100   4                          menuIndex = 0;
 101   4                          ui_need_refresh = 1;
 102   4                      }
 103   3                      break;
 104   3      
 105   3                  case PAGE_KEYTEST:
 106   3                      if(key_event == 3)
 107   3                      {
 108   4                          currentPage = PAGE_MENU;
 109   4                          menuIndex = 0;
 110   4                          ui_need_refresh = 1;
 111   4                      }
 112   3                      else if(key_event != 0)
 113   3                      {
 114   4                          ui_need_refresh = 1;
 115   4                      }
 116   3                      break;
C51 COMPILER V9.60.7.0   MAIN                                                              02/06/2026 16:29:40 PAGE 3   

 117   3              }
 118   2      
 119   2              /* ---- UI ?? ---- */
 120   2              if(ui_need_refresh)
 121   2              {
 122   3                  ui_need_refresh = 0;
 123   3      
 124   3                  if(currentPage == PAGE_MENU)
 125   3                      ShowMenu();
 126   3                  else if(currentPage == PAGE_WELCOME)
 127   3                      ShowWelcome();
 128   3                  else if(currentPage == PAGE_KEYTEST)
 129   3                      ShowKeyTest(lastKey);
 130   3              }
 131   2      
 132   2              DelayMs(10);
 133   2          }
 134   1      }


MODULE INFORMATION:   STATIC OVERLAYABLE
   CODE SIZE        =    310    ----
   CONSTANT SIZE    =     87    ----
   XDATA SIZE       =   ----    ----
   PDATA SIZE       =   ----    ----
   DATA SIZE        =      6       1
   IDATA SIZE       =   ----    ----
   BIT SIZE         =      1    ----
END OF MODULE INFORMATION.


C51 COMPILATION COMPLETE.  0 WARNING(S),  0 ERROR(S)
