C51 COMPILER V9.60.7.0   TIMER0                                                            02/06/2026 15:35:53 PAGE 1   


C51 COMPILER V9.60.7.0, COMPILATION OF MODULE TIMER0
OBJECT MODULE PLACED IN .\Objects\timer0.obj
COMPILER INVOKED BY: D:\Keil MDK\C51\BIN\C51.EXE timer0.c OPTIMIZE(8,SPEED) BROWSE DEBUG OBJECTEXTEND PRINT(.\Listings\t
                    -imer0.lst) TABS(2) OBJECT(.\Objects\timer0.obj)

line level    source

   1          #include <reg52.h>
   2          
   3          void Timer0_Init(void)
   4          {
   5   1          TMOD |= 0x01;
   6   1          TH0 = (65536 - 10000) / 256;
   7   1          TL0 = (65536 - 10000) % 256;
   8   1          ET0 = 1;
   9   1          EA  = 1;
  10   1          TR0 = 1;
  11   1      }
  12          
  13          void Timer0_ISR(void) interrupt 1
  14          {
  15   1          TH0 = (65536 - 10000) / 256;
  16   1          TL0 = (65536 - 10000) % 256;
  17   1      }


MODULE INFORMATION:   STATIC OVERLAYABLE
   CODE SIZE        =     23    ----
   CONSTANT SIZE    =   ----    ----
   XDATA SIZE       =   ----    ----
   PDATA SIZE       =   ----    ----
   DATA SIZE        =   ----    ----
   IDATA SIZE       =   ----    ----
   BIT SIZE         =   ----    ----
END OF MODULE INFORMATION.


C51 COMPILATION COMPLETE.  0 WARNING(S),  0 ERROR(S)
